<?xml version="1.0" encoding="UTF-8"?>
<!-- Generated by org.testng.reporters.JUnitReportReporter -->
<testsuite hostname="bvenna-laptop" failures="0" tests="1" name="GoogleSearch" time="13.928" errors="0" timestamp="2022-12-26T14:15:07 PST" skipped="0">
  <testcase classname="GoogleSearch" name="searchTest" time="13.928"/>
  <system-out/>
</testsuite> <!-- GoogleSearch -->
